2023-04-28 09:38:42,117 INFO [main] o.a.n.b.NotificationServiceManager Successfully loaded the following 0 services: []
2023-04-28 09:38:42,240 INFO [main] org.apache.nifi.bootstrap.RunNiFi Registered no Notification Services for Notification Type NIFI_STARTED
2023-04-28 09:38:42,246 INFO [main] org.apache.nifi.bootstrap.RunNiFi Registered no Notification Services for Notification Type NIFI_STOPPED
2023-04-28 09:38:42,247 INFO [main] org.apache.nifi.bootstrap.RunNiFi Registered no Notification Services for Notification Type NIFI_DIED
2023-04-28 09:38:42,355 INFO [main] org.apache.nifi.bootstrap.RunNiFi Runtime Java version: 1.8.0_332
2023-04-28 09:38:42,501 INFO [main] org.apache.nifi.bootstrap.Command Starting Apache NiFi...
2023-04-28 09:38:42,514 INFO [main] org.apache.nifi.bootstrap.Command Working Directory: /opt/nifi/nifi-current
2023-04-28 09:38:42,515 INFO [main] org.apache.nifi.bootstrap.Command Command: /usr/local/openjdk-8/bin/java -classpath /opt/nifi/nifi-current/./conf:/opt/nifi/nifi-current/./lib/nifi-properties-1.17.0.jar:/opt/nifi/nifi-current/./lib/javax.servlet-api-3.1.0.jar:/opt/nifi/nifi-current/./lib/nifi-property-utils-1.17.0.jar:/opt/nifi/nifi-current/./lib/jul-to-slf4j-1.7.36.jar:/opt/nifi/nifi-current/./lib/logback-classic-1.2.11.jar:/opt/nifi/nifi-current/./lib/nifi-nar-utils-1.17.0.jar:/opt/nifi/nifi-current/./lib/log4j-over-slf4j-1.7.36.jar:/opt/nifi/nifi-current/./lib/nifi-api-1.17.0.jar:/opt/nifi/nifi-current/./lib/nifi-server-api-1.17.0.jar:/opt/nifi/nifi-current/./lib/jetty-schemas-5.2.jar:/opt/nifi/nifi-current/./lib/nifi-stateless-bootstrap-1.17.0.jar:/opt/nifi/nifi-current/./lib/nifi-stateless-api-1.17.0.jar:/opt/nifi/nifi-current/./lib/jcl-over-slf4j-1.7.36.jar:/opt/nifi/nifi-current/./lib/nifi-framework-api-1.17.0.jar:/opt/nifi/nifi-current/./lib/nifi-runtime-1.17.0.jar:/opt/nifi/nifi-current/./lib/logback-core-1.2.11.jar:/opt/nifi/nifi-current/./lib/slf4j-api-1.7.36.jar -Dorg.apache.jasper.compiler.disablejsr199=true -Xmx512m -Xms512m -Dcurator-log-only-first-connection-issue-as-error-level=true -Djavax.security.auth.useSubjectCredsOnly=true -Djava.security.egd=file:/dev/urandom -Dzookeeper.admin.enableServer=false -Dsun.net.http.allowRestrictedHeaders=true -Djava.net.preferIPv4Stack=true -Djava.awt.headless=true -Djava.protocol.handler.pkgs=sun.net.www.protocol -Dnifi.properties.file.path=/opt/nifi/nifi-current/./conf/nifi.properties -Dnifi.bootstrap.listen.port=45921 -Dapp=NiFi -Dorg.apache.nifi.bootstrap.config.log.dir=/opt/nifi/nifi-current/logs org.apache.nifi.NiFi 
2023-04-28 09:38:42,604 INFO [main] org.apache.nifi.bootstrap.Command Launched Apache NiFi with Process ID 104
2023-04-28 09:38:44,412 INFO [NiFi Bootstrap Command Listener] org.apache.nifi.bootstrap.RunNiFi Apache NiFi now running and listening for Bootstrap requests on port 34719
2023-04-28 09:41:03,495 ERROR [NiFi logging handler] org.apache.nifi.StdErr Loading class `com.mysql.jdbc.Driver'. This is deprecated. The new driver class is `com.mysql.cj.jdbc.Driver'. The driver is automatically registered via the SPI and manual loading of the driver class is generally unnecessary.
2023-04-28 09:41:03,559 ERROR [NiFi logging handler] org.apache.nifi.StdErr Loading class `com.mysql.jdbc.Driver'. This is deprecated. The new driver class is `com.mysql.cj.jdbc.Driver'. The driver is automatically registered via the SPI and manual loading of the driver class is generally unnecessary.
2023-04-28 14:45:54,029 INFO [main] o.a.n.b.NotificationServiceManager Successfully loaded the following 0 services: []
2023-04-28 14:45:54,038 INFO [main] org.apache.nifi.bootstrap.RunNiFi Registered no Notification Services for Notification Type NIFI_STARTED
2023-04-28 14:45:54,038 INFO [main] org.apache.nifi.bootstrap.RunNiFi Registered no Notification Services for Notification Type NIFI_STOPPED
2023-04-28 14:45:54,038 INFO [main] org.apache.nifi.bootstrap.RunNiFi Registered no Notification Services for Notification Type NIFI_DIED
2023-04-28 14:45:54,380 INFO [main] org.apache.nifi.bootstrap.Command Apache NiFi has accepted the Shutdown Command and is shutting down now
2023-04-28 14:45:54,467 INFO [main] org.apache.nifi.bootstrap.Command NiFi PID [104] shutdown in progress...
2023-04-28 14:45:56,482 INFO [main] org.apache.nifi.bootstrap.Command NiFi PID [104] shutdown in progress...
2023-04-28 14:45:58,509 INFO [main] org.apache.nifi.bootstrap.Command NiFi PID [104] shutdown in progress...
2023-04-28 14:45:59,016 INFO [main] org.apache.nifi.bootstrap.RunNiFi A shutdown was initiated. Will not restart NiFi
2023-04-28 14:46:00,537 INFO [main] org.apache.nifi.bootstrap.Command NiFi PID [104] shutdown completed
