2023-04-26 17:01:31,083 INFO [main] o.a.n.b.NotificationServiceManager Successfully loaded the following 0 services: []
2023-04-26 17:01:31,096 INFO [main] org.apache.nifi.bootstrap.RunNiFi Registered no Notification Services for Notification Type NIFI_STARTED
2023-04-26 17:01:31,097 INFO [main] org.apache.nifi.bootstrap.RunNiFi Registered no Notification Services for Notification Type NIFI_STOPPED
2023-04-26 17:01:31,098 INFO [main] org.apache.nifi.bootstrap.RunNiFi Registered no Notification Services for Notification Type NIFI_DIED
2023-04-26 17:01:31,114 INFO [main] org.apache.nifi.bootstrap.RunNiFi Runtime Java version: 1.8.0_332
2023-04-26 17:01:31,187 INFO [main] org.apache.nifi.bootstrap.Command Generating Self-Signed Certificate: Expires on 2023-06-25
2023-04-26 17:01:35,344 INFO [main] org.apache.nifi.bootstrap.Command Generated Self-Signed Certificate SHA-256: BACFC9B2DFFD7561E5628BDCDF21A8B6BD0805B440146865D49FC72CE858EDC0
2023-04-26 17:01:35,428 INFO [main] org.apache.nifi.bootstrap.Command Starting Apache NiFi...
2023-04-26 17:01:35,429 INFO [main] org.apache.nifi.bootstrap.Command Working Directory: /opt/nifi/nifi-current
2023-04-26 17:01:35,430 INFO [main] org.apache.nifi.bootstrap.Command Command: /usr/local/openjdk-8/bin/java -classpath /opt/nifi/nifi-current/./conf:/opt/nifi/nifi-current/./lib/nifi-properties-1.17.0.jar:/opt/nifi/nifi-current/./lib/javax.servlet-api-3.1.0.jar:/opt/nifi/nifi-current/./lib/nifi-property-utils-1.17.0.jar:/opt/nifi/nifi-current/./lib/jul-to-slf4j-1.7.36.jar:/opt/nifi/nifi-current/./lib/logback-classic-1.2.11.jar:/opt/nifi/nifi-current/./lib/nifi-nar-utils-1.17.0.jar:/opt/nifi/nifi-current/./lib/log4j-over-slf4j-1.7.36.jar:/opt/nifi/nifi-current/./lib/nifi-api-1.17.0.jar:/opt/nifi/nifi-current/./lib/nifi-server-api-1.17.0.jar:/opt/nifi/nifi-current/./lib/jetty-schemas-5.2.jar:/opt/nifi/nifi-current/./lib/nifi-stateless-bootstrap-1.17.0.jar:/opt/nifi/nifi-current/./lib/nifi-stateless-api-1.17.0.jar:/opt/nifi/nifi-current/./lib/jcl-over-slf4j-1.7.36.jar:/opt/nifi/nifi-current/./lib/nifi-framework-api-1.17.0.jar:/opt/nifi/nifi-current/./lib/nifi-runtime-1.17.0.jar:/opt/nifi/nifi-current/./lib/logback-core-1.2.11.jar:/opt/nifi/nifi-current/./lib/slf4j-api-1.7.36.jar -Dorg.apache.jasper.compiler.disablejsr199=true -Xmx512m -Xms512m -Dcurator-log-only-first-connection-issue-as-error-level=true -Djavax.security.auth.useSubjectCredsOnly=true -Djava.security.egd=file:/dev/urandom -Dzookeeper.admin.enableServer=false -Dsun.net.http.allowRestrictedHeaders=true -Djava.net.preferIPv4Stack=true -Djava.awt.headless=true -Djava.protocol.handler.pkgs=sun.net.www.protocol -Dnifi.properties.file.path=/opt/nifi/nifi-current/./conf/nifi.properties -Dnifi.bootstrap.listen.port=39303 -Dapp=NiFi -Dorg.apache.nifi.bootstrap.config.log.dir=/opt/nifi/nifi-current/logs org.apache.nifi.NiFi 
2023-04-26 17:01:35,473 INFO [main] org.apache.nifi.bootstrap.Command Launched Apache NiFi with Process ID 103
2023-04-26 17:01:36,883 INFO [NiFi Bootstrap Command Listener] org.apache.nifi.bootstrap.RunNiFi Apache NiFi now running and listening for Bootstrap requests on port 36157
2023-04-26 17:05:24,270 INFO [main] o.a.n.b.NotificationServiceManager Successfully loaded the following 0 services: []
2023-04-26 17:05:24,280 INFO [main] org.apache.nifi.bootstrap.RunNiFi Registered no Notification Services for Notification Type NIFI_STARTED
2023-04-26 17:05:24,281 INFO [main] org.apache.nifi.bootstrap.RunNiFi Registered no Notification Services for Notification Type NIFI_STOPPED
2023-04-26 17:05:24,282 INFO [main] org.apache.nifi.bootstrap.RunNiFi Registered no Notification Services for Notification Type NIFI_DIED
2023-04-26 17:05:24,320 INFO [main] org.apache.nifi.bootstrap.Command Apache NiFi has accepted the Shutdown Command and is shutting down now
2023-04-26 17:05:24,437 INFO [main] org.apache.nifi.bootstrap.Command NiFi PID [103] shutdown in progress...
2023-04-26 17:05:26,456 INFO [main] org.apache.nifi.bootstrap.Command NiFi PID [103] shutdown in progress...
2023-04-26 17:05:27,552 INFO [main] org.apache.nifi.bootstrap.RunNiFi A shutdown was initiated. Will not restart NiFi
2023-04-26 17:05:28,461 INFO [main] org.apache.nifi.bootstrap.Command NiFi PID [103] shutdown completed
2023-04-26 17:06:13,309 INFO [main] o.a.n.b.NotificationServiceManager Successfully loaded the following 0 services: []
2023-04-26 17:06:13,337 INFO [main] org.apache.nifi.bootstrap.RunNiFi Registered no Notification Services for Notification Type NIFI_STARTED
2023-04-26 17:06:13,338 INFO [main] org.apache.nifi.bootstrap.RunNiFi Registered no Notification Services for Notification Type NIFI_STOPPED
2023-04-26 17:06:13,339 INFO [main] org.apache.nifi.bootstrap.RunNiFi Registered no Notification Services for Notification Type NIFI_DIED
2023-04-26 17:06:13,369 INFO [main] org.apache.nifi.bootstrap.RunNiFi Runtime Java version: 1.8.0_332
2023-04-26 17:06:13,429 INFO [main] org.apache.nifi.bootstrap.Command Starting Apache NiFi...
2023-04-26 17:06:13,431 INFO [main] org.apache.nifi.bootstrap.Command Working Directory: /opt/nifi/nifi-current
2023-04-26 17:06:13,432 INFO [main] org.apache.nifi.bootstrap.Command Command: /usr/local/openjdk-8/bin/java -classpath /opt/nifi/nifi-current/./conf:/opt/nifi/nifi-current/./lib/nifi-properties-1.17.0.jar:/opt/nifi/nifi-current/./lib/javax.servlet-api-3.1.0.jar:/opt/nifi/nifi-current/./lib/nifi-property-utils-1.17.0.jar:/opt/nifi/nifi-current/./lib/jul-to-slf4j-1.7.36.jar:/opt/nifi/nifi-current/./lib/logback-classic-1.2.11.jar:/opt/nifi/nifi-current/./lib/nifi-nar-utils-1.17.0.jar:/opt/nifi/nifi-current/./lib/log4j-over-slf4j-1.7.36.jar:/opt/nifi/nifi-current/./lib/nifi-api-1.17.0.jar:/opt/nifi/nifi-current/./lib/nifi-server-api-1.17.0.jar:/opt/nifi/nifi-current/./lib/jetty-schemas-5.2.jar:/opt/nifi/nifi-current/./lib/nifi-stateless-bootstrap-1.17.0.jar:/opt/nifi/nifi-current/./lib/nifi-stateless-api-1.17.0.jar:/opt/nifi/nifi-current/./lib/jcl-over-slf4j-1.7.36.jar:/opt/nifi/nifi-current/./lib/nifi-framework-api-1.17.0.jar:/opt/nifi/nifi-current/./lib/nifi-runtime-1.17.0.jar:/opt/nifi/nifi-current/./lib/logback-core-1.2.11.jar:/opt/nifi/nifi-current/./lib/slf4j-api-1.7.36.jar -Dorg.apache.jasper.compiler.disablejsr199=true -Xmx512m -Xms512m -Dcurator-log-only-first-connection-issue-as-error-level=true -Djavax.security.auth.useSubjectCredsOnly=true -Djava.security.egd=file:/dev/urandom -Dzookeeper.admin.enableServer=false -Dsun.net.http.allowRestrictedHeaders=true -Djava.net.preferIPv4Stack=true -Djava.awt.headless=true -Djava.protocol.handler.pkgs=sun.net.www.protocol -Dnifi.properties.file.path=/opt/nifi/nifi-current/./conf/nifi.properties -Dnifi.bootstrap.listen.port=35975 -Dapp=NiFi -Dorg.apache.nifi.bootstrap.config.log.dir=/opt/nifi/nifi-current/logs org.apache.nifi.NiFi 
2023-04-26 17:06:13,492 INFO [main] org.apache.nifi.bootstrap.Command Launched Apache NiFi with Process ID 103
2023-04-26 17:06:14,788 INFO [NiFi Bootstrap Command Listener] org.apache.nifi.bootstrap.RunNiFi Apache NiFi now running and listening for Bootstrap requests on port 35247
2023-04-26 17:16:16,333 ERROR [NiFi logging handler] org.apache.nifi.StdErr Loading class `com.mysql.jdbc.Driver'. This is deprecated. The new driver class is `com.mysql.cj.jdbc.Driver'. The driver is automatically registered via the SPI and manual loading of the driver class is generally unnecessary.
2023-04-26 17:22:15,689 ERROR [NiFi logging handler] org.apache.nifi.StdErr Loading class `com.mysql.jdbc.Driver'. This is deprecated. The new driver class is `com.mysql.cj.jdbc.Driver'. The driver is automatically registered via the SPI and manual loading of the driver class is generally unnecessary.
2023-04-26 17:41:19,709 INFO [main] o.a.n.b.NotificationServiceManager Successfully loaded the following 0 services: []
2023-04-26 17:41:19,723 INFO [main] org.apache.nifi.bootstrap.RunNiFi Registered no Notification Services for Notification Type NIFI_STARTED
2023-04-26 17:41:19,723 INFO [main] org.apache.nifi.bootstrap.RunNiFi Registered no Notification Services for Notification Type NIFI_STOPPED
2023-04-26 17:41:19,724 INFO [main] org.apache.nifi.bootstrap.RunNiFi Registered no Notification Services for Notification Type NIFI_DIED
2023-04-26 17:41:19,832 INFO [main] org.apache.nifi.bootstrap.Command Apache NiFi has accepted the Shutdown Command and is shutting down now
2023-04-26 17:41:19,913 INFO [main] org.apache.nifi.bootstrap.Command NiFi PID [103] shutdown in progress...
2023-04-26 17:41:21,928 INFO [main] org.apache.nifi.bootstrap.Command NiFi PID [103] shutdown in progress...
2023-04-26 17:41:22,235 INFO [main] org.apache.nifi.bootstrap.RunNiFi A shutdown was initiated. Will not restart NiFi
2023-04-26 17:41:23,951 INFO [main] org.apache.nifi.bootstrap.Command NiFi PID [103] shutdown completed
2023-04-26 17:42:12,593 INFO [main] o.a.n.b.NotificationServiceManager Successfully loaded the following 0 services: []
2023-04-26 17:42:12,609 INFO [main] org.apache.nifi.bootstrap.RunNiFi Registered no Notification Services for Notification Type NIFI_STARTED
2023-04-26 17:42:12,612 INFO [main] org.apache.nifi.bootstrap.RunNiFi Registered no Notification Services for Notification Type NIFI_STOPPED
2023-04-26 17:42:12,613 INFO [main] org.apache.nifi.bootstrap.RunNiFi Registered no Notification Services for Notification Type NIFI_DIED
2023-04-26 17:42:12,640 INFO [main] org.apache.nifi.bootstrap.RunNiFi Runtime Java version: 1.8.0_332
2023-04-26 17:42:12,723 INFO [main] org.apache.nifi.bootstrap.Command Starting Apache NiFi...
2023-04-26 17:42:12,725 INFO [main] org.apache.nifi.bootstrap.Command Working Directory: /opt/nifi/nifi-current
2023-04-26 17:42:12,726 INFO [main] org.apache.nifi.bootstrap.Command Command: /usr/local/openjdk-8/bin/java -classpath /opt/nifi/nifi-current/./conf:/opt/nifi/nifi-current/./lib/nifi-properties-1.17.0.jar:/opt/nifi/nifi-current/./lib/javax.servlet-api-3.1.0.jar:/opt/nifi/nifi-current/./lib/nifi-property-utils-1.17.0.jar:/opt/nifi/nifi-current/./lib/jul-to-slf4j-1.7.36.jar:/opt/nifi/nifi-current/./lib/logback-classic-1.2.11.jar:/opt/nifi/nifi-current/./lib/nifi-nar-utils-1.17.0.jar:/opt/nifi/nifi-current/./lib/log4j-over-slf4j-1.7.36.jar:/opt/nifi/nifi-current/./lib/nifi-api-1.17.0.jar:/opt/nifi/nifi-current/./lib/nifi-server-api-1.17.0.jar:/opt/nifi/nifi-current/./lib/jetty-schemas-5.2.jar:/opt/nifi/nifi-current/./lib/nifi-stateless-bootstrap-1.17.0.jar:/opt/nifi/nifi-current/./lib/nifi-stateless-api-1.17.0.jar:/opt/nifi/nifi-current/./lib/jcl-over-slf4j-1.7.36.jar:/opt/nifi/nifi-current/./lib/nifi-framework-api-1.17.0.jar:/opt/nifi/nifi-current/./lib/nifi-runtime-1.17.0.jar:/opt/nifi/nifi-current/./lib/logback-core-1.2.11.jar:/opt/nifi/nifi-current/./lib/slf4j-api-1.7.36.jar -Dorg.apache.jasper.compiler.disablejsr199=true -Xmx512m -Xms512m -Dcurator-log-only-first-connection-issue-as-error-level=true -Djavax.security.auth.useSubjectCredsOnly=true -Djava.security.egd=file:/dev/urandom -Dzookeeper.admin.enableServer=false -Dsun.net.http.allowRestrictedHeaders=true -Djava.net.preferIPv4Stack=true -Djava.awt.headless=true -Djava.protocol.handler.pkgs=sun.net.www.protocol -Dnifi.properties.file.path=/opt/nifi/nifi-current/./conf/nifi.properties -Dnifi.bootstrap.listen.port=42179 -Dapp=NiFi -Dorg.apache.nifi.bootstrap.config.log.dir=/opt/nifi/nifi-current/logs org.apache.nifi.NiFi 
2023-04-26 17:42:12,809 INFO [main] org.apache.nifi.bootstrap.Command Launched Apache NiFi with Process ID 103
2023-04-26 17:42:14,490 INFO [NiFi Bootstrap Command Listener] org.apache.nifi.bootstrap.RunNiFi Apache NiFi now running and listening for Bootstrap requests on port 41085
2023-04-26 17:44:42,385 ERROR [NiFi logging handler] org.apache.nifi.StdErr Loading class `com.mysql.jdbc.Driver'. This is deprecated. The new driver class is `com.mysql.cj.jdbc.Driver'. The driver is automatically registered via the SPI and manual loading of the driver class is generally unnecessary.
2023-04-26 17:44:42,461 ERROR [NiFi logging handler] org.apache.nifi.StdErr Loading class `com.mysql.jdbc.Driver'. This is deprecated. The new driver class is `com.mysql.cj.jdbc.Driver'. The driver is automatically registered via the SPI and manual loading of the driver class is generally unnecessary.
2023-04-26 18:04:40,297 INFO [main] o.a.n.b.NotificationServiceManager Successfully loaded the following 0 services: []
2023-04-26 18:04:40,311 INFO [main] org.apache.nifi.bootstrap.RunNiFi Registered no Notification Services for Notification Type NIFI_STARTED
2023-04-26 18:04:40,311 INFO [main] org.apache.nifi.bootstrap.RunNiFi Registered no Notification Services for Notification Type NIFI_STOPPED
2023-04-26 18:04:40,311 INFO [main] org.apache.nifi.bootstrap.RunNiFi Registered no Notification Services for Notification Type NIFI_DIED
2023-04-26 18:04:40,354 INFO [main] org.apache.nifi.bootstrap.Command Apache NiFi has accepted the Shutdown Command and is shutting down now
2023-04-26 18:04:40,402 INFO [main] org.apache.nifi.bootstrap.Command NiFi PID [103] shutdown in progress...
2023-04-26 18:04:42,415 INFO [main] org.apache.nifi.bootstrap.Command NiFi PID [103] shutdown completed
2023-04-26 18:04:43,199 INFO [main] org.apache.nifi.bootstrap.RunNiFi Status File no longer exists. Will not restart NiFi
2023-04-26 18:05:27,955 INFO [main] o.a.n.b.NotificationServiceManager Successfully loaded the following 0 services: []
2023-04-26 18:05:27,978 INFO [main] org.apache.nifi.bootstrap.RunNiFi Registered no Notification Services for Notification Type NIFI_STARTED
2023-04-26 18:05:27,978 INFO [main] org.apache.nifi.bootstrap.RunNiFi Registered no Notification Services for Notification Type NIFI_STOPPED
2023-04-26 18:05:27,979 INFO [main] org.apache.nifi.bootstrap.RunNiFi Registered no Notification Services for Notification Type NIFI_DIED
2023-04-26 18:05:28,034 INFO [main] org.apache.nifi.bootstrap.RunNiFi Runtime Java version: 1.8.0_332
2023-04-26 18:05:28,114 INFO [main] org.apache.nifi.bootstrap.Command Starting Apache NiFi...
2023-04-26 18:05:28,115 INFO [main] org.apache.nifi.bootstrap.Command Working Directory: /opt/nifi/nifi-current
2023-04-26 18:05:28,118 INFO [main] org.apache.nifi.bootstrap.Command Command: /usr/local/openjdk-8/bin/java -classpath /opt/nifi/nifi-current/./conf:/opt/nifi/nifi-current/./lib/nifi-properties-1.17.0.jar:/opt/nifi/nifi-current/./lib/javax.servlet-api-3.1.0.jar:/opt/nifi/nifi-current/./lib/nifi-property-utils-1.17.0.jar:/opt/nifi/nifi-current/./lib/jul-to-slf4j-1.7.36.jar:/opt/nifi/nifi-current/./lib/logback-classic-1.2.11.jar:/opt/nifi/nifi-current/./lib/nifi-nar-utils-1.17.0.jar:/opt/nifi/nifi-current/./lib/log4j-over-slf4j-1.7.36.jar:/opt/nifi/nifi-current/./lib/nifi-api-1.17.0.jar:/opt/nifi/nifi-current/./lib/nifi-server-api-1.17.0.jar:/opt/nifi/nifi-current/./lib/jetty-schemas-5.2.jar:/opt/nifi/nifi-current/./lib/nifi-stateless-bootstrap-1.17.0.jar:/opt/nifi/nifi-current/./lib/nifi-stateless-api-1.17.0.jar:/opt/nifi/nifi-current/./lib/jcl-over-slf4j-1.7.36.jar:/opt/nifi/nifi-current/./lib/nifi-framework-api-1.17.0.jar:/opt/nifi/nifi-current/./lib/nifi-runtime-1.17.0.jar:/opt/nifi/nifi-current/./lib/logback-core-1.2.11.jar:/opt/nifi/nifi-current/./lib/slf4j-api-1.7.36.jar -Dorg.apache.jasper.compiler.disablejsr199=true -Xmx512m -Xms512m -Dcurator-log-only-first-connection-issue-as-error-level=true -Djavax.security.auth.useSubjectCredsOnly=true -Djava.security.egd=file:/dev/urandom -Dzookeeper.admin.enableServer=false -Dsun.net.http.allowRestrictedHeaders=true -Djava.net.preferIPv4Stack=true -Djava.awt.headless=true -Djava.protocol.handler.pkgs=sun.net.www.protocol -Dnifi.properties.file.path=/opt/nifi/nifi-current/./conf/nifi.properties -Dnifi.bootstrap.listen.port=44031 -Dapp=NiFi -Dorg.apache.nifi.bootstrap.config.log.dir=/opt/nifi/nifi-current/logs org.apache.nifi.NiFi 
2023-04-26 18:05:28,261 INFO [main] org.apache.nifi.bootstrap.Command Launched Apache NiFi with Process ID 102
2023-04-26 18:05:30,227 INFO [NiFi Bootstrap Command Listener] org.apache.nifi.bootstrap.RunNiFi Apache NiFi now running and listening for Bootstrap requests on port 41943
2023-04-26 18:08:30,866 ERROR [NiFi logging handler] org.apache.nifi.StdErr Loading class `com.mysql.jdbc.Driver'. This is deprecated. The new driver class is `com.mysql.cj.jdbc.Driver'. The driver is automatically registered via the SPI and manual loading of the driver class is generally unnecessary.
2023-04-26 18:08:31,100 ERROR [NiFi logging handler] org.apache.nifi.StdErr Loading class `com.mysql.jdbc.Driver'. This is deprecated. The new driver class is `com.mysql.cj.jdbc.Driver'. The driver is automatically registered via the SPI and manual loading of the driver class is generally unnecessary.
2023-04-26 19:19:13,346 INFO [main] o.a.n.b.NotificationServiceManager Successfully loaded the following 0 services: []
2023-04-26 19:19:13,355 INFO [main] org.apache.nifi.bootstrap.RunNiFi Registered no Notification Services for Notification Type NIFI_STARTED
2023-04-26 19:19:13,355 INFO [main] org.apache.nifi.bootstrap.RunNiFi Registered no Notification Services for Notification Type NIFI_STOPPED
2023-04-26 19:19:13,356 INFO [main] org.apache.nifi.bootstrap.RunNiFi Registered no Notification Services for Notification Type NIFI_DIED
2023-04-26 19:19:13,409 INFO [main] org.apache.nifi.bootstrap.Command Apache NiFi has accepted the Shutdown Command and is shutting down now
2023-04-26 19:19:13,476 INFO [main] org.apache.nifi.bootstrap.Command NiFi PID [102] shutdown in progress...
2023-04-26 19:19:15,485 INFO [main] org.apache.nifi.bootstrap.Command NiFi PID [102] shutdown in progress...
2023-04-26 19:19:17,490 INFO [main] org.apache.nifi.bootstrap.Command NiFi PID [102] shutdown completed
2023-04-26 19:19:17,887 INFO [main] org.apache.nifi.bootstrap.RunNiFi Status File no longer exists. Will not restart NiFi
